\BOOKMARK [1][-]{section*.2}{\376\377\000C\000o\000n\000t\000e\000n\000t\000s}{}% 1
\BOOKMARK [1][-]{section.1}{\376\377\000I\000n\000t\000r\000o\000d\000u\000c\000t\000i\000o\000n}{}% 2
\BOOKMARK [2][-]{subsection.1.1}{\376\377\000H\000y\000p\000o\000t\000h\000e\000s\000e\000s}{section.1}% 3
\BOOKMARK [2][-]{subsection.1.2}{\376\377\000R\000e\000s\000e\000a\000r\000c\000h\000\040\000Q\000u\000e\000s\000t\000i\000o\000n\000s}{section.1}% 4
\BOOKMARK [1][-]{section.2}{\376\377\000V\000e\000h\000i\000c\000l\000e\000\040\000R\000o\000u\000t\000i\000n\000g\000\040\000P\000r\000o\000b\000l\000e\000m\000\040\000\050\000V\000R\000P\000\051}{}% 5
\BOOKMARK [2][-]{subsection.2.1}{\376\377\000I\000n\000t\000r\000o\000d\000u\000c\000t\000i\000o\000n\000\040\000t\000o\000\040\000t\000h\000e\000\040\000V\000e\000h\000i\000c\000l\000e\000\040\000R\000o\000u\000t\000i\000n\000g\000\040\000P\000r\000o\000b\000l\000e\000m}{section.2}% 6
\BOOKMARK [3][-]{subsubsection.2.1.1}{\376\377\000H\000i\000s\000t\000o\000r\000i\000c\000a\000l\000\040\000B\000a\000c\000k\000g\000r\000o\000u\000n\000d\000\040\000a\000n\000d\000\040\000S\000i\000g\000n\000i\000f\000i\000c\000a\000n\000c\000e}{subsection.2.1}% 7
\BOOKMARK [3][-]{subsubsection.2.1.2}{\376\377\000P\000r\000o\000b\000l\000e\000m\000\040\000D\000e\000f\000i\000n\000i\000t\000i\000o\000n}{subsection.2.1}% 8
\BOOKMARK [2][-]{subsection.2.2}{\376\377\000C\000o\000m\000p\000l\000e\000x\000i\000t\000y\000\040\000a\000n\000d\000\040\000R\000e\000l\000e\000v\000a\000n\000c\000e}{section.2}% 9
\BOOKMARK [2][-]{subsection.2.3}{\376\377\000V\000a\000r\000i\000a\000n\000t\000s\000\040\000a\000n\000d\000\040\000E\000x\000t\000e\000n\000s\000i\000o\000n\000s}{section.2}% 10
\BOOKMARK [1][-]{section.3}{\376\377\000I\000n\000t\000r\000o\000d\000u\000c\000t\000i\000o\000n\000\040\000t\000o\000\040\000t\000h\000e\000\040\000C\000a\000p\000a\000c\000i\000t\000a\000t\000e\000d\000\040\000V\000e\000h\000i\000c\000l\000e\000\040\000R\000o\000u\000t\000i\000n\000g\000\040\000P\000r\000o\000b\000l\000e\000m}{}% 11
\BOOKMARK [2][-]{subsection.3.1}{\376\377\000I\000m\000p\000o\000r\000t\000a\000n\000c\000e\000\040\000a\000n\000d\000\040\000A\000p\000p\000l\000i\000c\000a\000t\000i\000o\000n\000s}{section.3}% 12
\BOOKMARK [2][-]{subsection.3.2}{\376\377\000D\000e\000t\000a\000i\000l\000e\000d\000\040\000P\000r\000o\000b\000l\000e\000m\000\040\000D\000e\000f\000i\000n\000i\000t\000i\000o\000n}{section.3}% 13
\BOOKMARK [2][-]{subsection.3.3}{\376\377\000K\000e\000y\000\040\000C\000o\000n\000s\000t\000r\000a\000i\000n\000t\000s\000\040\000a\000n\000d\000\040\000O\000b\000j\000e\000c\000t\000i\000v\000e\000s}{section.3}% 14
\BOOKMARK [2][-]{subsection.3.4}{\376\377\000M\000a\000t\000h\000e\000m\000a\000t\000i\000c\000a\000l\000\040\000F\000o\000r\000m\000u\000l\000a\000t\000i\000o\000n}{section.3}% 15
\BOOKMARK [2][-]{subsection.3.5}{\376\377\000O\000v\000e\000r\000v\000i\000e\000w\000\040\000o\000f\000\040\000S\000o\000l\000u\000t\000i\000o\000n\000\040\000A\000p\000p\000r\000o\000a\000c\000h\000e\000s}{section.3}% 16
\BOOKMARK [1][-]{section.4}{\376\377\000O\000v\000e\000r\000v\000i\000e\000w\000\040\000o\000f\000\040\000H\000e\000u\000r\000i\000s\000t\000i\000c\000\040\000a\000n\000d\000\040\000M\000e\000t\000a\000-\000h\000e\000u\000r\000i\000s\000t\000i\000c\000\040\000O\000p\000t\000i\000m\000i\000z\000a\000t\000i\000o\000n\000\040\000A\000l\000g\000o\000r\000i\000t\000h\000m\000s}{}% 17
\BOOKMARK [2][-]{subsection.4.1}{\376\377\000C\000o\000m\000m\000o\000n\000\040\000T\000y\000p\000e\000s\000\040\000o\000f\000\040\000H\000e\000u\000r\000i\000s\000t\000i\000c\000\040\000A\000l\000g\000o\000r\000i\000t\000h\000m\000s}{section.4}% 18
\BOOKMARK [3][-]{subsubsection.4.1.1}{\376\377\000G\000r\000e\000e\000d\000y\000\040\000A\000l\000g\000o\000r\000i\000t\000h\000m\000s}{subsection.4.1}% 19
\BOOKMARK [3][-]{subsubsection.4.1.2}{\376\377\000L\000o\000c\000a\000l\000\040\000S\000e\000a\000r\000c\000h\000\040\000A\000l\000g\000o\000r\000i\000t\000h\000m\000s}{subsection.4.1}% 20
\BOOKMARK [3][-]{subsubsection.4.1.3}{\376\377\000M\000e\000t\000a\000h\000e\000u\000r\000i\000s\000t\000i\000c\000\040\000A\000l\000g\000o\000r\000i\000t\000h\000m\000s}{subsection.4.1}% 21
\BOOKMARK [2][-]{subsection.4.2}{\376\377\000M\000e\000t\000h\000o\000d\000o\000l\000o\000g\000y\000\040\000f\000o\000r\000\040\000E\000v\000a\000l\000u\000a\000t\000i\000n\000g\000\040\000A\000l\000g\000o\000r\000i\000t\000h\000m\000s}{section.4}% 22
\BOOKMARK [2][-]{subsection.4.3}{\376\377\000I\000n\000t\000r\000o\000d\000u\000c\000t\000i\000o\000n\000\040\000t\000o\000\040\000A\000l\000g\000o\000r\000i\000t\000h\000m\000\040\000E\000v\000a\000l\000u\000a\000t\000i\000o\000n}{section.4}% 23
\BOOKMARK [2][-]{subsection.4.4}{\376\377\000P\000e\000r\000f\000o\000r\000m\000a\000n\000c\000e\000\040\000M\000e\000t\000r\000i\000c\000s}{section.4}% 24
\BOOKMARK [2][-]{subsection.4.5}{\376\377\000R\000e\000s\000u\000l\000t\000\040\000A\000n\000a\000l\000y\000s\000i\000s}{section.4}% 25
\BOOKMARK [3][-]{subsubsection.4.5.1}{\376\377\000D\000a\000t\000a\000\040\000V\000i\000s\000u\000a\000l\000i\000z\000a\000t\000i\000o\000n}{subsection.4.5}% 26
\BOOKMARK [3][-]{subsubsection.4.5.2}{\376\377\000S\000t\000a\000t\000i\000s\000t\000i\000c\000a\000l\000\040\000A\000n\000a\000l\000y\000s\000i\000s}{subsection.4.5}% 27
\BOOKMARK [3][-]{subsubsection.4.5.3}{\376\377\000I\000n\000t\000e\000r\000p\000r\000e\000t\000i\000n\000g\000\040\000R\000e\000s\000u\000l\000t\000s}{subsection.4.5}% 28
\BOOKMARK [2][-]{subsection.4.6}{\376\377\000L\000i\000m\000i\000t\000a\000t\000i\000o\000n\000s\000\040\000a\000n\000d\000\040\000C\000h\000a\000l\000l\000e\000n\000g\000e\000s}{section.4}% 29
\BOOKMARK [1][-]{section.5}{\376\377\000R\000e\000l\000e\000v\000a\000n\000c\000e\000\040\000o\000f\000\040\000C\000V\000R\000P\000\040\000i\000n\000\040\000C\000o\000n\000t\000e\000m\000p\000o\000r\000a\000r\000y\000\040\000L\000o\000g\000i\000s\000t\000i\000c\000s\000\040\000A\000p\000p\000l\000i\000c\000a\000t\000i\000o\000n\000s}{}% 30
\BOOKMARK [2][-]{subsection.5.1}{\376\377\000A\000d\000v\000a\000n\000c\000e\000d\000\040\000R\000o\000u\000t\000e\000\040\000O\000p\000t\000i\000m\000i\000z\000a\000t\000i\000o\000n}{section.5}% 31
\BOOKMARK [2][-]{subsection.5.2}{\376\377\000U\000n\000m\000a\000n\000n\000e\000d\000\040\000T\000e\000c\000h\000n\000o\000l\000o\000g\000i\000e\000s\000\040\000a\000n\000d\000\040\000A\000u\000t\000o\000n\000o\000m\000o\000u\000s\000\040\000V\000e\000h\000i\000c\000l\000e\000s}{section.5}% 32
\BOOKMARK [2][-]{subsection.5.3}{\376\377\000C\000h\000a\000l\000l\000e\000n\000g\000e\000s\000\040\000a\000n\000d\000\040\000F\000u\000t\000u\000r\000e\000\040\000T\000r\000e\000n\000d\000s\000\040\000i\000n\000\040\000H\000e\000u\000r\000i\000s\000t\000i\000c\000\040\000O\000p\000t\000i\000m\000i\000z\000a\000t\000i\000o\000n\000\040\000f\000o\000r\000\040\000L\000o\000g\000i\000s\000t\000i\000c\000s}{section.5}% 33
\BOOKMARK [3][-]{subsubsection.5.3.1}{\376\377\000C\000u\000r\000r\000e\000n\000t\000\040\000C\000h\000a\000l\000l\000e\000n\000g\000e\000s}{subsection.5.3}% 34
\BOOKMARK [3][-]{subsubsection.5.3.2}{\376\377\000F\000u\000t\000u\000r\000e\000\040\000T\000r\000e\000n\000d\000s}{subsection.5.3}% 35
\BOOKMARK [1][-]{section.6}{\376\377\000P\000a\000r\000a\000m\000e\000t\000e\000r\000\040\000T\000e\000s\000t\000i\000n\000g\000\040\000o\000f\000\040\000H\000e\000u\000r\000i\000s\000t\000i\000c\000\040\000a\000n\000d\000\040\000M\000e\000t\000a\000h\000e\000u\000r\000i\000s\000t\000i\000c\000\040\000A\000l\000g\000o\000r\000i\000t\000h\000m\000s}{}% 36
\BOOKMARK [2][-]{subsection.6.1}{\376\377\000I\000n\000t\000r\000o\000d\000u\000c\000t\000i\000o\000n\000\040\000t\000o\000\040\000p\000a\000r\000a\000m\000e\000t\000e\000r\000\040\000t\000e\000s\000t\000i\000n\000g}{section.6}% 37
\BOOKMARK [2][-]{subsection.6.2}{\376\377\000D\000a\000t\000a\000s\000e\000t\000\040\000D\000e\000s\000c\000r\000i\000p\000t\000i\000o\000n}{section.6}% 38
\BOOKMARK [2][-]{subsection.6.3}{\376\377\000T\000e\000s\000t\000i\000n\000g\000\040\000s\000e\000t\000u\000p}{section.6}% 39
\BOOKMARK [3][-]{subsubsection.6.3.1}{\376\377\000E\000x\000p\000e\000r\000i\000m\000e\000n\000t\000a\000l\000\040\000S\000e\000t\000u\000p}{subsection.6.3}% 40
\BOOKMARK [3][-]{subsubsection.6.3.2}{\376\377\000G\000r\000i\000d\000\040\000S\000e\000a\000r\000c\000h\000\040\000P\000r\000o\000c\000e\000s\000s}{subsection.6.3}% 41
\BOOKMARK [3][-]{subsubsection.6.3.3}{\376\377\000C\000o\000n\000v\000e\000r\000g\000e\000n\000c\000e\000\040\000P\000l\000o\000t\000s\000\040\000a\000n\000d\000\040\000D\000a\000t\000a\000\040\000C\000o\000l\000l\000e\000c\000t\000i\000o\000n}{subsection.6.3}% 42
\BOOKMARK [3][-]{subsubsection.6.3.4}{\376\377\000E\000v\000a\000l\000u\000a\000t\000i\000o\000n\000\040\000M\000e\000t\000r\000i\000c\000s}{subsection.6.3}% 43
\BOOKMARK [3][-]{subsubsection.6.3.5}{\376\377\000S\000t\000a\000t\000i\000s\000t\000i\000c\000a\000l\000\040\000A\000n\000a\000l\000y\000s\000i\000s}{subsection.6.3}% 44
\BOOKMARK [2][-]{subsection.6.4}{\376\377\000G\000e\000n\000e\000t\000i\000c\000\040\000A\000l\000g\000o\000r\000i\000t\000h\000m\000\040\000P\000a\000r\000a\000m\000e\000t\000e\000r\000\040\000T\000e\000s\000t\000i\000n\000g}{section.6}% 45
\BOOKMARK [3][-]{subsubsection.6.4.1}{\376\377\000C\000o\000n\000v\000e\000r\000g\000e\000n\000c\000e\000\040\000P\000l\000o\000t\000s\000\040\000a\000n\000d\000\040\000A\000n\000a\000l\000y\000s\000i\000s}{subsection.6.4}% 46
\BOOKMARK [3][-]{subsubsection.6.4.2}{\376\377\000P\000e\000r\000f\000o\000r\000m\000a\000n\000c\000e\000\040\000M\000e\000t\000r\000i\000c\000s\000\040\000O\000v\000e\000r\000v\000i\000e\000w}{subsection.6.4}% 47
\BOOKMARK [3][-]{subsubsection.6.4.3}{\376\377\000G\000r\000i\000d\000\040\000S\000e\000a\000r\000c\000h\000\040\000R\000e\000s\000u\000l\000t\000s}{subsection.6.4}% 48
\BOOKMARK [3][-]{subsubsection.6.4.4}{\376\377\000A\000N\000O\000V\000A\000\040\000R\000e\000s\000u\000l\000t\000s}{subsection.6.4}% 49
\BOOKMARK [3][-]{subsubsection.6.4.5}{\376\377\000C\000o\000n\000c\000l\000u\000s\000i\000o\000n}{subsection.6.4}% 50
\BOOKMARK [2][-]{subsection.6.5}{\376\377\000T\000a\000b\000u\000\040\000S\000e\000a\000r\000c\000h\000\040\000P\000a\000r\000a\000m\000e\000t\000e\000r\000\040\000T\000e\000s\000t\000i\000n\000g}{section.6}% 51
\BOOKMARK [3][-]{subsubsection.6.5.1}{\376\377\000C\000o\000n\000v\000e\000r\000g\000e\000n\000c\000e\000\040\000P\000l\000o\000t\000s}{subsection.6.5}% 52
\BOOKMARK [3][-]{subsubsection.6.5.2}{\376\377\000P\000e\000r\000f\000o\000r\000m\000a\000n\000c\000e\000\040\000M\000e\000t\000r\000i\000c\000s\000\040\000O\000v\000e\000r\000v\000i\000e\000w}{subsection.6.5}% 53
\BOOKMARK [3][-]{subsubsection.6.5.3}{\376\377\000G\000r\000i\000d\000\040\000S\000e\000a\000r\000c\000h\000\040\000R\000e\000s\000u\000l\000t\000s}{subsection.6.5}% 54
\BOOKMARK [3][-]{subsubsection.6.5.4}{\376\377\000A\000N\000O\000V\000A\000\040\000R\000e\000s\000u\000l\000t\000s}{subsection.6.5}% 55
\BOOKMARK [3][-]{subsubsection.6.5.5}{\376\377\000C\000o\000n\000c\000l\000u\000s\000i\000o\000n}{subsection.6.5}% 56
\BOOKMARK [2][-]{subsection.6.6}{\376\377\000S\000i\000m\000u\000l\000a\000t\000e\000d\000\040\000A\000n\000n\000e\000a\000l\000i\000n\000g\000\040\000P\000a\000r\000a\000m\000e\000t\000e\000r\000\040\000T\000e\000s\000t\000i\000n\000g}{section.6}% 57
\BOOKMARK [3][-]{subsubsection.6.6.1}{\376\377\000C\000o\000n\000v\000e\000r\000g\000e\000n\000c\000e\000\040\000P\000l\000o\000t\000s}{subsection.6.6}% 58
\BOOKMARK [3][-]{subsubsection.6.6.2}{\376\377\000P\000e\000r\000f\000o\000r\000m\000a\000n\000c\000e\000\040\000M\000e\000t\000r\000i\000c\000s\000\040\000O\000v\000e\000r\000v\000i\000e\000w}{subsection.6.6}% 59
\BOOKMARK [3][-]{subsubsection.6.6.3}{\376\377\000G\000r\000i\000d\000\040\000S\000e\000a\000r\000c\000h\000\040\000R\000e\000s\000u\000l\000t\000s}{subsection.6.6}% 60
\BOOKMARK [3][-]{subsubsection.6.6.4}{\376\377\000A\000N\000O\000V\000A\000\040\000R\000e\000s\000u\000l\000t\000s}{subsection.6.6}% 61
\BOOKMARK [3][-]{subsubsection.6.6.5}{\376\377\000C\000o\000n\000c\000l\000u\000s\000i\000o\000n}{subsection.6.6}% 62
\BOOKMARK [2][-]{subsection.6.7}{\376\377\000G\000e\000n\000e\000t\000i\000c\000\040\000A\000l\000g\000o\000r\000i\000t\000h\000m\000\040\000a\000n\000d\000\040\000S\000i\000m\000u\000l\000a\000t\000e\000d\000\040\000A\000n\000n\000e\000a\000l\000i\000n\000g\000\040\000H\000y\000b\000r\000i\000d\000\040\000P\000a\000r\000a\000m\000e\000t\000e\000r\000\040\000T\000e\000s\000t\000i\000n\000g}{section.6}% 63
\BOOKMARK [3][-]{subsubsection.6.7.1}{\376\377\000C\000o\000n\000v\000e\000r\000g\000e\000n\000c\000e\000\040\000P\000l\000o\000t\000s}{subsection.6.7}% 64
\BOOKMARK [3][-]{subsubsection.6.7.2}{\376\377\000P\000e\000r\000f\000o\000r\000m\000a\000n\000c\000e\000\040\000M\000e\000t\000r\000i\000c\000s\000\040\000O\000v\000e\000r\000v\000i\000e\000w}{subsection.6.7}% 65
\BOOKMARK [3][-]{subsubsection.6.7.3}{\376\377\000G\000r\000i\000d\000\040\000S\000e\000a\000r\000c\000h\000\040\000R\000e\000s\000u\000l\000t\000s}{subsection.6.7}% 66
\BOOKMARK [3][-]{subsubsection.6.7.4}{\376\377\000A\000N\000O\000V\000A\000\040\000R\000e\000s\000u\000l\000t\000s}{subsection.6.7}% 67
\BOOKMARK [3][-]{subsubsection.6.7.5}{\376\377\000C\000o\000n\000c\000l\000u\000s\000i\000o\000n}{subsection.6.7}% 68
\BOOKMARK [1][-]{section.7}{\376\377\000A\000l\000g\000o\000r\000i\000t\000h\000m\000\040\000C\000o\000m\000p\000a\000r\000i\000s\000o\000n}{}% 69
\BOOKMARK [2][-]{subsection.7.1}{\376\377\000I\000n\000t\000r\000o\000d\000u\000c\000t\000i\000o\000n}{section.7}% 70
\BOOKMARK [2][-]{subsection.7.2}{\376\377\000D\000a\000t\000a\000\040\000f\000o\000r\000\040\000A\000l\000g\000o\000r\000i\000t\000h\000m\000\040\000C\000o\000m\000p\000a\000r\000i\000s\000o\000n}{section.7}% 71
\BOOKMARK [2][-]{subsection.7.3}{\376\377\000A\000l\000g\000o\000r\000i\000t\000h\000m\000\040\000P\000e\000r\000f\000o\000r\000m\000a\000n\000c\000e\000\040\000M\000e\000t\000r\000i\000c\000s}{section.7}% 72
\BOOKMARK [2][-]{subsection.7.4}{\376\377\000S\000t\000a\000t\000i\000s\000t\000i\000c\000a\000l\000\040\000V\000a\000l\000i\000d\000a\000t\000i\000o\000n\000\040\000o\000f\000\040\000A\000l\000g\000o\000r\000i\000t\000h\000m\000\040\000P\000e\000r\000f\000o\000r\000m\000a\000n\000c\000e}{section.7}% 73
\BOOKMARK [1][-]{section.8}{\376\377\000C\000o\000n\000c\000l\000u\000s\000i\000o\000n}{}% 74
\BOOKMARK [2][-]{subsection.8.1}{\376\377\000A\000n\000s\000w\000e\000r\000s\000\040\000t\000o\000\040\000H\000y\000p\000o\000t\000h\000e\000s\000e\000s\000\040\000a\000n\000d\000\040\000R\000e\000s\000e\000a\000r\000c\000h\000\040\000Q\000u\000e\000s\000t\000i\000o\000n\000s}{section.8}% 75
\BOOKMARK [2][-]{subsection.8.2}{\376\377\000K\000e\000y\000\040\000F\000i\000n\000d\000i\000n\000g\000s}{section.8}% 76
\BOOKMARK [2][-]{subsection.8.3}{\376\377\000R\000o\000l\000e\000\040\000o\000f\000\040\000A\000I\000\040\000i\000n\000\040\000O\000p\000t\000i\000m\000i\000z\000a\000t\000i\000o\000n}{section.8}% 77
\BOOKMARK [2][-]{subsection.8.4}{\376\377\000R\000e\000c\000o\000m\000m\000e\000n\000d\000a\000t\000i\000o\000n\000s\000\040\000f\000o\000r\000\040\000F\000u\000t\000u\000r\000e\000\040\000W\000o\000r\000k}{section.8}% 78
\BOOKMARK [1][-]{appendix.A}{\376\377\000A\000p\000p\000e\000n\000d\000i\000x\000\040\0001\000:\000\040\000S\000u\000p\000p\000l\000e\000m\000e\000n\000t\000a\000r\000y\000\040\000M\000a\000t\000e\000r\000i\000a\000l\000s}{}% 79
\BOOKMARK [1][-]{appendix.B}{\376\377\000A\000p\000p\000e\000n\000d\000i\000x\000\040\0002\000:\000\040\000G\000e\000n\000e\000t\000i\000c\000\040\000A\000l\000g\000o\000r\000i\000t\000h\000m\000\040\000C\000o\000n\000v\000e\000r\000g\000e\000n\000c\000e\000\040\000P\000l\000o\000t\000s}{}% 80
